<?xml version="1.0" encoding="UTF-8"?>
<testng-results ignored="0" total="1" passed="1" failed="0" skipped="0">
  <reporter-output>
  </reporter-output>
  <suite started-at="2024-03-19T23:47:01Z" name="Default suite" finished-at="2024-03-19T23:47:04Z" duration-ms="2051">
    <groups>
    </groups>
    <test started-at="2024-03-19T23:47:01Z" name="Default test" finished-at="2024-03-19T23:47:04Z" duration-ms="2051">
      <class name="com.tests.PostRequest2">
        <test-method signature="testPostRequest2()[pri:0, instance:com.tests.PostRequest2@28d18df5]" started-at="2024-03-19T23:47:02Z" name="testPostRequest2" finished-at="2024-03-19T23:47:04Z" duration-ms="2028" status="PASS">
          <reporter-output>
          </reporter-output>
        </test-method> <!-- testPostRequest2 -->
      </class> <!-- com.tests.PostRequest2 -->
    </test> <!-- Default test -->
  </suite> <!-- Default suite -->
</testng-results>
