<?xml version="1.0" encoding="UTF-8"?>
<testng-results ignored="0" total="2" passed="2" failed="0" skipped="0">
  <reporter-output>
  </reporter-output>
  <suite started-at="2024-03-17T12:20:34Z" name="Default suite" finished-at="2024-03-17T12:20:36Z" duration-ms="2184">
    <groups>
    </groups>
    <test started-at="2024-03-17T12:20:34Z" name="Default test" finished-at="2024-03-17T12:20:36Z" duration-ms="2184">
      <class name="com.tests.CrudOperations">
        <test-method signature="test_1()[pri:0, instance:com.tests.CrudOperations@30c8681]" started-at="2024-03-17T12:20:34Z" name="test_1" finished-at="2024-03-17T12:20:36Z" duration-ms="2015" status="PASS">
          <reporter-output>
          </reporter-output>
        </test-method> <!-- test_1 -->
        <test-method signature="test_2()[pri:0, instance:com.tests.CrudOperations@30c8681]" started-at="2024-03-17T12:20:36Z" name="test_2" finished-at="2024-03-17T12:20:36Z" duration-ms="147" status="PASS">
          <reporter-output>
          </reporter-output>
        </test-method> <!-- test_2 -->
      </class> <!-- com.tests.CrudOperations -->
    </test> <!-- Default test -->
  </suite> <!-- Default suite -->
</testng-results>
