<?xml version="1.0" encoding="UTF-8"?>
<!-- Generated by org.testng.reporters.JUnitXMLReporter -->
<testsuite ignored="0" hostname="prasads-MacBook-Air.local" failures="0" tests="3" name="Default test" time="3.041" errors="0" timestamp="17 Mar 2024 23:41:18 GMT">
  <testcase classname="com.tests.CrudOperations" name="test_GetReq" time="2.79"/>
  <testcase classname="com.tests.CrudOperations" name="test_page" time="0.141"/>
  <testcase classname="com.tests.CrudOperations" name="test_users" time="0.084"/>
</testsuite> <!-- Default test -->
